Current working directory: /home/jepa/projects/rrg-wailung/jepa/cocos_mpa
Starting run at: Mon Dec 11 14:14:43 PST 2023
/localscratch/spool/slurmd/job20221399/slurm_script: line 17: cd: /home/jepa//cocos_mpa_job: No such file or directory
The following modules were not unloaded:
  (Use "module --force purge" to unload all):

  1) CCconfig         4) imkl/2020.1.217    7) libfabric/1.10.1
  2) gentoo/2020      5) intel/2020.1.217   8) openmpi/4.0.3
  3) gcccore/.9.3.0   6) ucx/1.8.0          9) StdEnv/2020

Lmod is automatically replacing "intel/2020.1.217" with "gcc/9.3.0".


Due to MODULEPATH changes, the following have been reloaded:
  1) openmpi/4.0.3


Attaching package: ‘dplyr’

The following objects are masked from ‘package:stats’:

    filter, lag

The following objects are masked from ‘package:base’:

    intersect, setdiff, setequal, union

[1] "C6MPIS26MIS3"
[1] "C6MPIS26MIS3"
[1] 600006
[1] "Abd"
[1] "Catch"
